# JRE version: Java(TM) SE Runtime Environment (14.0.2+12) (build 14.0.2+12-46)
# Java VM: Java HotSpot(TM) 64-Bit Server VM (14.0.2+12-46, mixed mode, sharing, tiered, compressed oops, g1 gc, windows-amd64)
Heap:
 garbage-first heap   total 22528K, used 11709K [0x0000000082600000, 0x0000000100000000)
  region size 1024K, 2 young (2048K), 1 survivors (1024K)
 Metaspace       used 10135K, capacity 12567K, committed 12800K, reserved 1060864K
  class space    used 1192K, capacity 1493K, committed 1536K, reserved 1048576K
GC Heap History (20 events):
Event: 0.431 GC heap before
{Heap before GC invocations=6 (full 0):
 garbage-first heap   total 10240K, used 5530K [0x0000000082600000, 0x0000000100000000)
  region size 1024K, 3 young (3072K), 1 survivors (1024K)
 Metaspace       used 8965K, capacity 11665K, committed 11904K, reserved 1060864K
  class space    used 1070K, capacity 1367K, committed 1408K, reserved 1048576K
}
Event: 0.434 GC heap after
{Heap after GC invocations=7 (full 0):
 garbage-first heap   total 10240K, used 4478K [0x0000000082600000, 0x0000000100000000)
  region size 1024K, 1 young (1024K), 1 survivors (1024K)
 Metaspace       used 8965K, capacity 11665K, committed 11904K, reserved 1060864K
  class space    used 1070K, capacity 1367K, committed 1408K, reserved 1048576K
}
Event: 0.442 GC heap before
{Heap before GC invocations=7 (full 0):
 garbage-first heap   total 10240K, used 5502K [0x0000000082600000, 0x0000000100000000)
  region size 1024K, 2 young (2048K), 1 survivors (1024K)
 Metaspace       used 8994K, capacity 11665K, committed 11904K, reserved 1060864K
  class space    used 1070K, capacity 1367K, committed 1408K, reserved 1048576K
}
Event: 0.444 GC heap after
{Heap after GC invocations=8 (full 0):
 garbage-first heap   total 10240K, used 4649K [0x0000000082600000, 0x0000000100000000)
  region size 1024K, 1 young (1024K), 1 survivors (1024K)
 Metaspace       used 8994K, capacity 11665K, committed 11904K, reserved 1060864K
  class space    used 1070K, capacity 1367K, committed 1408K, reserved 1048576K
}
Event: 0.445 GC heap before
{Heap before GC invocations=8 (full 0):
 garbage-first heap   total 10240K, used 5673K [0x0000000082600000, 0x0000000100000000)
  region size 1024K, 2 young (2048K), 1 survivors (1024K)
 Metaspace       used 8998K, capacity 11665K, committed 11904K, reserved 1060864K
  class space    used 1070K, capacity 1367K, committed 1408K, reserved 1048576K
}
Event: 0.446 GC heap after
{Heap after GC invocations=9 (full 0):
 garbage-first heap   total 15360K, used 4707K [0x0000000082600000, 0x0000000100000000)
  region size 1024K, 1 young (1024K), 1 survivors (1024K)
 Metaspace       used 8998K, capacity 11665K, committed 11904K, reserved 1060864K
  class space    used 1070K, capacity 1367K, committed 1408K, reserved 1048576K
}
Event: 0.479 GC heap before
{Heap before GC invocations=10 (full 0):
 garbage-first heap   total 15360K, used 7779K [0x0000000082600000, 0x0000000100000000)
  region size 1024K, 4 young (4096K), 1 survivors (1024K)
 Metaspace       used 9109K, capacity 11748K, committed 11904K, reserved 1060864K
  class space    used 1076K, capacity 1372K, committed 1408K, reserved 1048576K
}
Event: 0.481 GC heap after
{Heap after GC invocations=11 (full 0):
 garbage-first heap   total 15360K, used 5068K [0x0000000082600000, 0x0000000100000000)
  region size 1024K, 1 young (1024K), 1 survivors (1024K)
 Metaspace       used 9109K, capacity 11748K, committed 11904K, reserved 1060864K
  class space    used 1076K, capacity 1372K, committed 1408K, reserved 1048576K
}
Event: 0.491 GC heap before
{Heap before GC invocations=11 (full 0):
 garbage-first heap   total 15360K, used 8140K [0x0000000082600000, 0x0000000100000000)
  region size 1024K, 4 young (4096K), 1 survivors (1024K)
 Metaspace       used 9124K, capacity 11749K, committed 11904K, reserved 1060864K
  class space    used 1076K, capacity 1372K, committed 1408K, reserved 1048576K
}
Event: 0.493 GC heap after
{Heap after GC invocations=12 (full 0):
 garbage-first heap   total 15360K, used 5566K [0x0000000082600000, 0x0000000100000000)
  region size 1024K, 1 young (1024K), 1 survivors (1024K)
 Metaspace       used 9124K, capacity 11749K, committed 11904K, reserved 1060864K
  class space    used 1076K, capacity 1372K, committed 1408K, reserved 1048576K
}
Event: 0.518 GC heap before
{Heap before GC invocations=12 (full 0):
 garbage-first heap   total 15360K, used 9662K [0x0000000082600000, 0x0000000100000000)
  region size 1024K, 5 young (5120K), 1 survivors (1024K)
 Metaspace       used 9296K, capacity 11882K, committed 12032K, reserved 1060864K
  class space    used 1098K, capacity 1417K, committed 1536K, reserved 1048576K
}
Event: 0.520 GC heap after
{Heap after GC invocations=13 (full 0):
 garbage-first heap   total 15360K, used 6279K [0x0000000082600000, 0x0000000100000000)
  region size 1024K, 1 young (1024K), 1 survivors (1024K)
 Metaspace       used 9296K, capacity 11882K, committed 12032K, reserved 1060864K
  class space    used 1098K, capacity 1417K, committed 1536K, reserved 1048576K
}
Event: 0.536 GC heap before
{Heap before GC invocations=13 (full 0):
 garbage-first heap   total 15360K, used 8327K [0x0000000082600000, 0x0000000100000000)
  region size 1024K, 4 young (4096K), 1 survivors (1024K)
 Metaspace       used 9343K, capacity 11947K, committed 12288K, reserved 1060864K
  class space    used 1099K, capacity 1417K, committed 1536K, reserved 1048576K
}
Event: 0.539 GC heap after
{Heap after GC invocations=14 (full 0):
 garbage-first heap   total 22528K, used 7759K [0x0000000082600000, 0x0000000100000000)
  region size 1024K, 1 young (1024K), 1 survivors (1024K)
 Metaspace       used 9343K, capacity 11947K, committed 12288K, reserved 1060864K
  class space    used 1099K, capacity 1417K, committed 1536K, reserved 1048576K
}
Event: 0.559 GC heap before
{Heap before GC invocations=14 (full 0):
 garbage-first heap   total 22528K, used 13903K [0x0000000082600000, 0x0000000100000000)
  region size 1024K, 7 young (7168K), 1 survivors (1024K)
 Metaspace       used 9375K, capacity 11952K, committed 12288K, reserved 1060864K
  class space    used 1101K, capacity 1418K, committed 1536K, reserved 1048576K
}
Event: 0.562 GC heap after
{Heap after GC invocations=15 (full 0):
 garbage-first heap   total 22528K, used 8612K [0x0000000082600000, 0x0000000100000000)
  region size 1024K, 1 young (1024K), 1 survivors (1024K)
 Metaspace       used 9375K, capacity 11952K, committed 12288K, reserved 1060864K
  class space    used 1101K, capacity 1418K, committed 1536K, reserved 1048576K
}
Event: 0.608 GC heap before
{Heap before GC invocations=15 (full 0):
 garbage-first heap   total 22528K, used 13732K [0x0000000082600000, 0x0000000100000000)
  region size 1024K, 6 young (6144K), 1 survivors (1024K)
 Metaspace       used 9809K, capacity 12277K, committed 12544K, reserved 1060864K
  class space    used 1153K, capacity 1440K, committed 1536K, reserved 1048576K
}
Event: 0.611 GC heap after
{Heap after GC invocations=16 (full 0):
 garbage-first heap   total 22528K, used 9682K [0x0000000082600000, 0x0000000100000000)
  region size 1024K, 1 young (1024K), 1 survivors (1024K)
 Metaspace       used 9809K, capacity 12277K, committed 12544K, reserved 1060864K
  class space    used 1153K, capacity 1440K, committed 1536K, reserved 1048576K
}
Event: 0.655 GC heap before
{Heap before GC invocations=16 (full 0):
 garbage-first heap   total 22528K, used 15826K [0x0000000082600000, 0x0000000100000000)
  region size 1024K, 6 young (6144K), 1 survivors (1024K)
 Metaspace       used 10068K, capacity 12537K, committed 12800K, reserved 1060864K
  class space    used 1181K, capacity 1484K, committed 1536K, reserved 1048576K
}
Event: 0.660 GC heap after
{Heap after GC invocations=17 (full 0):
 garbage-first heap   total 22528K, used 11709K [0x0000000082600000, 0x0000000100000000)
  region size 1024K, 1 young (1024K), 1 survivors (1024K)
 Metaspace       used 10068K, capacity 12537K, committed 12800K, reserved 1060864K
  class space    used 1181K, capacity 1484K, committed 1536K, reserved 1048576K
}

