# JRE version: Java(TM) SE Runtime Environment (14.0.2+12) (build 14.0.2+12-46)
# Java VM: Java HotSpot(TM) 64-Bit Server VM (14.0.2+12-46, mixed mode, sharing, tiered, compressed oops, g1 gc, windows-amd64)
Heap:
 garbage-first heap   total 22528K, used 11139K [0x0000000082600000, 0x0000000100000000)
  region size 1024K, 2 young (2048K), 1 survivors (1024K)
 Metaspace       used 10504K, capacity 12951K, committed 13184K, reserved 1060864K
  class space    used 1246K, capacity 1558K, committed 1664K, reserved 1048576K
GC Heap History (20 events):
Event: 0.760 GC heap before
{Heap before GC invocations=5 (full 0):
 garbage-first heap   total 10240K, used 3690K [0x0000000082600000, 0x0000000100000000)
  region size 1024K, 3 young (3072K), 1 survivors (1024K)
 Metaspace       used 8436K, capacity 11431K, committed 11648K, reserved 1058816K
  class space    used 1021K, capacity 1353K, committed 1408K, reserved 1048576K
}
Event: 0.764 GC heap after
{Heap after GC invocations=6 (full 0):
 garbage-first heap   total 10240K, used 3477K [0x0000000082600000, 0x0000000100000000)
  region size 1024K, 1 young (1024K), 1 survivors (1024K)
 Metaspace       used 8436K, capacity 11431K, committed 11648K, reserved 1058816K
  class space    used 1021K, capacity 1353K, committed 1408K, reserved 1048576K
}
Event: 0.830 GC heap before
{Heap before GC invocations=6 (full 0):
 garbage-first heap   total 10240K, used 5525K [0x0000000082600000, 0x0000000100000000)
  region size 1024K, 3 young (3072K), 1 survivors (1024K)
 Metaspace       used 8822K, capacity 11536K, committed 11648K, reserved 1058816K
  class space    used 1069K, capacity 1367K, committed 1408K, reserved 1048576K
}
Event: 0.835 GC heap after
{Heap after GC invocations=7 (full 0):
 garbage-first heap   total 10240K, used 4228K [0x0000000082600000, 0x0000000100000000)
  region size 1024K, 1 young (1024K), 1 survivors (1024K)
 Metaspace       used 8822K, capacity 11536K, committed 11648K, reserved 1058816K
  class space    used 1069K, capacity 1367K, committed 1408K, reserved 1048576K
}
Event: 0.843 GC heap before
{Heap before GC invocations=7 (full 0):
 garbage-first heap   total 10240K, used 5252K [0x0000000082600000, 0x0000000100000000)
  region size 1024K, 2 young (2048K), 1 survivors (1024K)
 Metaspace       used 8839K, capacity 11536K, committed 11648K, reserved 1058816K
  class space    used 1069K, capacity 1367K, committed 1408K, reserved 1048576K
}
Event: 0.846 GC heap after
{Heap after GC invocations=8 (full 0):
 garbage-first heap   total 10240K, used 4418K [0x0000000082600000, 0x0000000100000000)
  region size 1024K, 1 young (1024K), 1 survivors (1024K)
 Metaspace       used 8839K, capacity 11536K, committed 11648K, reserved 1058816K
  class space    used 1069K, capacity 1367K, committed 1408K, reserved 1048576K
}
Event: 0.856 GC heap before
{Heap before GC invocations=8 (full 0):
 garbage-first heap   total 10240K, used 5442K [0x0000000082600000, 0x0000000100000000)
  region size 1024K, 2 young (2048K), 1 survivors (1024K)
 Metaspace       used 8861K, capacity 11536K, committed 11648K, reserved 1058816K
  class space    used 1069K, capacity 1367K, committed 1408K, reserved 1048576K
}
Event: 0.858 GC heap after
{Heap after GC invocations=9 (full 0):
 garbage-first heap   total 14336K, used 4483K [0x0000000082600000, 0x0000000100000000)
  region size 1024K, 1 young (1024K), 1 survivors (1024K)
 Metaspace       used 8861K, capacity 11536K, committed 11648K, reserved 1058816K
  class space    used 1069K, capacity 1367K, committed 1408K, reserved 1048576K
}
Event: 0.895 GC heap before
{Heap before GC invocations=10 (full 0):
 garbage-first heap   total 14336K, used 7555K [0x0000000082600000, 0x0000000100000000)
  region size 1024K, 4 young (4096K), 1 survivors (1024K)
 Metaspace       used 8956K, capacity 11619K, committed 11904K, reserved 1060864K
  class space    used 1076K, capacity 1372K, committed 1408K, reserved 1048576K
}
Event: 0.897 GC heap after
{Heap after GC invocations=11 (full 0):
 garbage-first heap   total 14336K, used 4853K [0x0000000082600000, 0x0000000100000000)
  region size 1024K, 1 young (1024K), 1 survivors (1024K)
 Metaspace       used 8956K, capacity 11619K, committed 11904K, reserved 1060864K
  class space    used 1076K, capacity 1372K, committed 1408K, reserved 1048576K
}
Event: 0.914 GC heap before
{Heap before GC invocations=11 (full 0):
 garbage-first heap   total 14336K, used 7925K [0x0000000082600000, 0x0000000100000000)
  region size 1024K, 4 young (4096K), 1 survivors (1024K)
 Metaspace       used 8971K, capacity 11620K, committed 11904K, reserved 1060864K
  class space    used 1076K, capacity 1372K, committed 1408K, reserved 1048576K
}
Event: 0.918 GC heap after
{Heap after GC invocations=12 (full 0):
 garbage-first heap   total 14336K, used 5349K [0x0000000082600000, 0x0000000100000000)
  region size 1024K, 1 young (1024K), 1 survivors (1024K)
 Metaspace       used 8971K, capacity 11620K, committed 11904K, reserved 1060864K
  class space    used 1076K, capacity 1372K, committed 1408K, reserved 1048576K
}
Event: 0.937 GC heap before
{Heap before GC invocations=12 (full 0):
 garbage-first heap   total 14336K, used 8421K [0x0000000082600000, 0x0000000100000000)
  region size 1024K, 4 young (4096K), 1 survivors (1024K)
 Metaspace       used 9029K, capacity 11654K, committed 11904K, reserved 1060864K
  class space    used 1084K, capacity 1384K, committed 1408K, reserved 1048576K
}
Event: 0.941 GC heap after
{Heap after GC invocations=13 (full 0):
 garbage-first heap   total 14336K, used 5652K [0x0000000082600000, 0x0000000100000000)
  region size 1024K, 1 young (1024K), 1 survivors (1024K)
 Metaspace       used 9029K, capacity 11654K, committed 11904K, reserved 1060864K
  class space    used 1084K, capacity 1384K, committed 1408K, reserved 1048576K
}
Event: 0.985 GC heap before
{Heap before GC invocations=13 (full 0):
 garbage-first heap   total 14336K, used 8724K [0x0000000082600000, 0x0000000100000000)
  region size 1024K, 4 young (4096K), 1 survivors (1024K)
 Metaspace       used 9164K, capacity 11788K, committed 11904K, reserved 1060864K
  class space    used 1097K, capacity 1385K, committed 1408K, reserved 1048576K
}
Event: 0.988 GC heap after
{Heap after GC invocations=14 (full 0):
 garbage-first heap   total 22528K, used 6690K [0x0000000082600000, 0x0000000100000000)
  region size 1024K, 1 young (1024K), 1 survivors (1024K)
 Metaspace       used 9164K, capacity 11788K, committed 11904K, reserved 1060864K
  class space    used 1097K, capacity 1385K, committed 1408K, reserved 1048576K
}
Event: 1.024 GC heap before
{Heap before GC invocations=14 (full 0):
 garbage-first heap   total 22528K, used 13858K [0x0000000082600000, 0x0000000100000000)
  region size 1024K, 8 young (8192K), 1 survivors (1024K)
 Metaspace       used 9212K, capacity 11826K, committed 12032K, reserved 1060864K
  class space    used 1099K, capacity 1419K, committed 1536K, reserved 1048576K
}
Event: 1.029 GC heap after
{Heap after GC invocations=15 (full 0):
 garbage-first heap   total 22528K, used 8145K [0x0000000082600000, 0x0000000100000000)
  region size 1024K, 1 young (1024K), 1 survivors (1024K)
 Metaspace       used 9212K, capacity 11826K, committed 12032K, reserved 1060864K
  class space    used 1099K, capacity 1419K, committed 1536K, reserved 1048576K
}
Event: 1.092 GC heap before
{Heap before GC invocations=15 (full 0):
 garbage-first heap   total 22528K, used 13265K [0x0000000082600000, 0x0000000100000000)
  region size 1024K, 6 young (6144K), 1 survivors (1024K)
 Metaspace       used 9625K, capacity 12125K, committed 12288K, reserved 1060864K
  class space    used 1143K, capacity 1432K, committed 1536K, reserved 1048576K
}
Event: 1.097 GC heap after
{Heap after GC invocations=16 (full 0):
 garbage-first heap   total 22528K, used 9216K [0x0000000082600000, 0x0000000100000000)
  region size 1024K, 1 young (1024K), 1 survivors (1024K)
 Metaspace       used 9625K, capacity 12125K, committed 12288K, reserved 1060864K
  class space    used 1143K, capacity 1432K, committed 1536K, reserved 1048576K
}

