# JRE version: Java(TM) SE Runtime Environment (14.0.2+12) (build 14.0.2+12-46)
# Java VM: Java HotSpot(TM) 64-Bit Server VM (14.0.2+12-46, mixed mode, sharing, tiered, compressed oops, g1 gc, windows-amd64)
Heap:
 garbage-first heap   total 18432K, used 4466K [0x0000000082600000, 0x0000000100000000)
  region size 1024K, 1 young (1024K), 1 survivors (1024K)
 Metaspace       used 8889K, capacity 11536K, committed 11648K, reserved 1058816K
  class space    used 1070K, capacity 1367K, committed 1408K, reserved 1048576K
GC Heap History (17 events):
Event: 0.133 GC heap before
{Heap before GC invocations=0 (full 0):
 garbage-first heap   total 8192K, used 3072K [0x0000000082600000, 0x0000000100000000)
  region size 1024K, 3 young (3072K), 0 survivors (0K)
 Metaspace       used 2619K, capacity 6080K, committed 6400K, reserved 1056768K
  class space    used 305K, capacity 651K, committed 768K, reserved 1048576K
}
Event: 0.135 GC heap after
{Heap after GC invocations=1 (full 0):
 garbage-first heap   total 8192K, used 1172K [0x0000000082600000, 0x0000000100000000)
  region size 1024K, 1 young (1024K), 1 survivors (1024K)
 Metaspace       used 2619K, capacity 6080K, committed 6400K, reserved 1056768K
  class space    used 305K, capacity 651K, committed 768K, reserved 1048576K
}
Event: 0.168 GC heap before
{Heap before GC invocations=1 (full 0):
 garbage-first heap   total 8192K, used 2196K [0x0000000082600000, 0x0000000100000000)
  region size 1024K, 2 young (2048K), 1 survivors (1024K)
 Metaspace       used 3990K, capacity 7437K, committed 7552K, reserved 1056768K
  class space    used 521K, capacity 848K, committed 896K, reserved 1048576K
}
Event: 0.171 GC heap after
{Heap after GC invocations=2 (full 0):
 garbage-first heap   total 8192K, used 1705K [0x0000000082600000, 0x0000000100000000)
  region size 1024K, 1 young (1024K), 1 survivors (1024K)
 Metaspace       used 3990K, capacity 7437K, committed 7552K, reserved 1056768K
  class space    used 521K, capacity 848K, committed 896K, reserved 1048576K
}
Event: 0.218 GC heap before
{Heap before GC invocations=2 (full 0):
 garbage-first heap   total 8192K, used 2729K [0x0000000082600000, 0x0000000100000000)
  region size 1024K, 2 young (2048K), 1 survivors (1024K)
 Metaspace       used 6030K, capacity 9475K, committed 9600K, reserved 1058816K
  class space    used 734K, capacity 1060K, committed 1152K, reserved 1048576K
}
Event: 0.219 GC heap after
{Heap after GC invocations=3 (full 0):
 garbage-first heap   total 8192K, used 2024K [0x0000000082600000, 0x0000000100000000)
  region size 1024K, 1 young (1024K), 1 survivors (1024K)
 Metaspace       used 6030K, capacity 9475K, committed 9600K, reserved 1058816K
  class space    used 734K, capacity 1060K, committed 1152K, reserved 1048576K
}
Event: 0.252 GC heap before
{Heap before GC invocations=3 (full 0):
 garbage-first heap   total 8192K, used 3048K [0x0000000082600000, 0x0000000100000000)
  region size 1024K, 2 young (2048K), 1 survivors (1024K)
 Metaspace       used 7127K, capacity 10430K, committed 10752K, reserved 1058816K
  class space    used 885K, capacity 1210K, committed 1280K, reserved 1048576K
}
Event: 0.253 GC heap after
{Heap after GC invocations=4 (full 0):
 garbage-first heap   total 8192K, used 2382K [0x0000000082600000, 0x0000000100000000)
  region size 1024K, 1 young (1024K), 1 survivors (1024K)
 Metaspace       used 7127K, capacity 10430K, committed 10752K, reserved 1058816K
  class space    used 885K, capacity 1210K, committed 1280K, reserved 1048576K
}
Event: 0.284 GC heap before
{Heap before GC invocations=4 (full 0):
 garbage-first heap   total 8192K, used 3406K [0x0000000082600000, 0x0000000100000000)
  region size 1024K, 2 young (2048K), 1 survivors (1024K)
 Metaspace       used 7868K, capacity 11016K, committed 11264K, reserved 1058816K
  class space    used 950K, capacity 1256K, committed 1280K, reserved 1048576K
}
Event: 0.286 GC heap after
{Heap after GC invocations=5 (full 0):
 garbage-first heap   total 11264K, used 2639K [0x0000000082600000, 0x0000000100000000)
  region size 1024K, 1 young (1024K), 1 survivors (1024K)
 Metaspace       used 7868K, capacity 11016K, committed 11264K, reserved 1058816K
  class space    used 950K, capacity 1256K, committed 1280K, reserved 1048576K
}
Event: 0.325 GC heap before
{Heap before GC invocations=5 (full 0):
 garbage-first heap   total 11264K, used 3663K [0x0000000082600000, 0x0000000100000000)
  region size 1024K, 3 young (3072K), 1 survivors (1024K)
 Metaspace       used 8441K, capacity 11431K, committed 11648K, reserved 1058816K
  class space    used 1022K, capacity 1353K, committed 1408K, reserved 1048576K
}
Event: 0.328 GC heap after
{Heap after GC invocations=6 (full 0):
 garbage-first heap   total 11264K, used 3460K [0x0000000082600000, 0x0000000100000000)
  region size 1024K, 1 young (1024K), 1 survivors (1024K)
 Metaspace       used 8441K, capacity 11431K, committed 11648K, reserved 1058816K
  class space    used 1022K, capacity 1353K, committed 1408K, reserved 1048576K
}
Event: 0.365 GC heap before
{Heap before GC invocations=6 (full 0):
 garbage-first heap   total 11264K, used 5508K [0x0000000082600000, 0x0000000100000000)
  region size 1024K, 3 young (3072K), 1 survivors (1024K)
 Metaspace       used 8836K, capacity 11536K, committed 11648K, reserved 1058816K
  class space    used 1070K, capacity 1367K, committed 1408K, reserved 1048576K
}
Event: 0.368 GC heap after
{Heap after GC invocations=7 (full 0):
 garbage-first heap   total 11264K, used 4265K [0x0000000082600000, 0x0000000100000000)
  region size 1024K, 1 young (1024K), 1 survivors (1024K)
 Metaspace       used 8836K, capacity 11536K, committed 11648K, reserved 1058816K
  class space    used 1070K, capacity 1367K, committed 1408K, reserved 1048576K
}
Event: 0.374 GC heap before
{Heap before GC invocations=7 (full 0):
 garbage-first heap   total 11264K, used 5289K [0x0000000082600000, 0x0000000100000000)
  region size 1024K, 2 young (2048K), 1 survivors (1024K)
 Metaspace       used 8860K, capacity 11536K, committed 11648K, reserved 1058816K
  class space    used 1070K, capacity 1367K, committed 1408K, reserved 1048576K
}
Event: 0.376 GC heap after
{Heap after GC invocations=8 (full 0):
 garbage-first heap   total 11264K, used 4497K [0x0000000082600000, 0x0000000100000000)
  region size 1024K, 1 young (1024K), 1 survivors (1024K)
 Metaspace       used 8860K, capacity 11536K, committed 11648K, reserved 1058816K
  class space    used 1070K, capacity 1367K, committed 1408K, reserved 1048576K
}
Event: 0.383 GC heap before
{Heap before GC invocations=8 (full 0):
 garbage-first heap   total 11264K, used 5521K [0x0000000082600000, 0x0000000100000000)
  region size 1024K, 2 young (2048K), 1 survivors (1024K)
 Metaspace       used 8889K, capacity 11536K, committed 11648K, reserved 1058816K
  class space    used 1070K, capacity 1367K, committed 1408K, reserved 1048576K
}

